<?xml version="1.0" encoding="UTF-8"?>
<testsuite xmlns:xsi="http://www.w3.org/2001/XMLSchema-instance" xsi:noNamespaceSchemaLocation="https://maven.apache.org/surefire/maven-surefire-plugin/xsd/surefire-test-report.xsd" version="3.0.2" name="com.bibliotheque.service.LibraryServiceTest" time="0.703" tests="3" errors="0" skipped="0" failures="0">
  <properties>
[...]
</properties>
  <testcase name="livreEmprunteNEstPlusDisponible" classname="com.bibliotheque.service.LibraryServiceTest" time="0.471"/>
  <testcase name="titreRestitue" classname="com.bibliotheque.service.LibraryServiceTest" time="0.034"/>
  <testcase name="livreNeufEstDisponible" classname="com.bibliotheque.service.LibraryServiceTest" time="0.023"/>
</testsuite>